<?xml version="1.0" encoding="UTF-8"?>
<!-- Generated by org.testng.reporters.JUnitReportReporter -->
<testsuite hostname="MSI" failures="0" tests="2" name="tests.LoginTest" time="19.365" errors="0" timestamp="2022-11-11T06:55:14 IST" skipped="0">
  <testcase classname="tests.LoginTest" name="login" time="4.808"/>
  <system-out/>
  <testcase classname="tests.LoginTest" name="login" time="14.557"/>
  <system-out/>
</testsuite> <!-- tests.LoginTest -->
