<?xml version="1.0" encoding="UTF-8"?>
<!-- Generated by org.testng.reporters.JUnitReportReporter -->
<testsuite hostname="MSI" failures="0" tests="1" name="runner.TestNGRunner" time="6.129" errors="0" timestamp="2022-11-11T06:55:14 IST" skipped="0">
  <testcase classname="runner.TestNGRunner" name="runScenario" time="6.129"/>
  <system-out/>
</testsuite> <!-- runner.TestNGRunner -->
