<?xml version="1.0" encoding="UTF-8"?>
<!-- Generated by org.testng.reporters.JUnitReportReporter -->
<testsuite hostname="MSI" failures="0" tests="1" name="tests.ThreeTest" time="6.323" errors="0" timestamp="2022-11-11T06:55:14 IST" skipped="0">
  <testcase classname="tests.ThreeTest" name="testThree" time="6.323"/>
  <system-out/>
</testsuite> <!-- tests.ThreeTest -->
