<?xml version="1.0" encoding="UTF-8"?>
<!-- Generated by org.testng.reporters.JUnitReportReporter -->
<testsuite hostname="MSI" failures="0" tests="1" name="runner.TestNGRunner" time="4.173" errors="0" timestamp="2022-11-11T06:57:42 IST" skipped="0">
  <testcase classname="runner.TestNGRunner" name="runScenario" time="4.173"/>
  <system-out/>
</testsuite> <!-- runner.TestNGRunner -->
